<?xml version="1.0" encoding="UTF-8" standalone="no"?>
<testsuite errors="0" failures="3" name="io.cucumber.core.plugin.JUnitFormatter" skipped="0" tests="18" time="148.623">
    <testcase classname="F01_Register | users could register with new accounts" name="user could register with valid account" time="12.292">
        <system-out><![CDATA[Given user go to register page..............................................passed
When user select gender type................................................passed
And user enter first name "automation" and last name "tester"...............passed
And user enter date of birth................................................passed
And user enter email "test@example.com" field...............................passed
And user fills Password fields "P@ssw0rd" "P@ssw0rd"........................passed
And user clicks on register button..........................................passed
Then success message is displayed...........................................passed
]]></system-out>
    </testcase>
    <testcase classname="F02_Login | users could use login functionality to use their accounts" name="user could login with valid email and password" time="9.7">
        <system-out><![CDATA[Given user go to login page.................................................passed
When user login with "valid" "test@example.com" and "P@ssw0rd"..............passed
And user press on login button..............................................passed
Then user login to the system successfully..................................passed
]]></system-out>
    </testcase>
    <testcase classname="F02_Login | users could use login functionality to use their accounts" name="user could login with invalid email and password" time="7.633">
        <system-out><![CDATA[Given user go to login page.................................................passed
When user login with "invalid" "wrong@example.com" and "P@ssw0rd"...........passed
And user press on login button..............................................passed
Then user could not login to the system.....................................passed
]]></system-out>
    </testcase>
    <testcase classname="F03_currencies | users could change currency" name="user could select Euro currency from the dropdown list on the top left of home page" time="6.607">
        <system-out><![CDATA[When user clicks on currency dropdown list..................................passed
And user select Euro currency...............................................passed
Then Euro currency is applied...............................................passed
]]></system-out>
    </testcase>
    <testcase classname="F04_Search | users could use search functionality" name="user could search using product name" time="8.157">
        <system-out><![CDATA[When user enter product name as "book"......................................passed
And user clicks on search button............................................passed
Then user is redirected to name search page.................................passed
]]></system-out>
    </testcase>
    <testcase classname="F04_Search | users could use search functionality" name="user could search using product name 2" time="8.552">
        <system-out><![CDATA[When user enter product name as "laptop"....................................passed
And user clicks on search button............................................passed
Then user is redirected to name search page.................................passed
]]></system-out>
    </testcase>
    <testcase classname="F04_Search | users could use search functionality" name="user could search using product name 3" time="8.204">
        <system-out><![CDATA[When user enter product name as "nike"......................................passed
And user clicks on search button............................................passed
Then user is redirected to name search page.................................passed
]]></system-out>
    </testcase>
    <testcase classname="F04_Search | users could use search functionality" name="user could search for product using sku" time="7.357">
        <system-out><![CDATA[When user enter sku as "SCI_FAITH"..........................................passed
And user clicks on search button............................................passed
Then user is redirected to sku search page..................................passed
]]></system-out>
    </testcase>
    <testcase classname="F04_Search | users could use search functionality" name="user could search for product using sku 2" time="7.026">
        <system-out><![CDATA[When user enter sku as "APPLE_CAM"..........................................passed
And user clicks on search button............................................passed
Then user is redirected to sku search page..................................passed
]]></system-out>
    </testcase>
    <testcase classname="F04_Search | users could use search functionality" name="user could search for product using sku 3" time="7.409">
        <system-out><![CDATA[When user enter sku as "SF_PRO_11"..........................................passed
And user clicks on search button............................................passed
Then user is redirected to sku search page..................................passed
]]></system-out>
    </testcase>
    <testcase classname="F05_hoverCategories | User can select any subcategory" name="user can hover on a category and select subcategory" time="7.325">
        <system-out><![CDATA[When user hover on category "<category>"....................................passed
And user clicks on sub category "<subcategory>".............................passed
Then user is redirected to subcategory page.................................passed
]]></system-out>
    </testcase>
    <testcase classname="F06_homeSliders | User can click on Slider" name="second slider is clickable on home page" time="8.43">
        <failure message="Expected condition failed: waiting for invisibility of [[ChromeDriver: chrome on WINDOWS (1a8b61f99bee3c195565888dcecbf4dd)] -&gt; xpath: /html/body/div[6]/div[3]/div/div/div/div/div[1]/div[1]/img] (tried for 3 second(s) with 500 milliseconds interval)&#10;Build info: version: '4.6.0', revision: '79f1c02ae20'&#10;System info: os.name: 'Windows 11', os.arch: 'amd64', os.version: '10.0', java.version: '18.0.2'&#10;Driver info: org.openqa.selenium.chrome.ChromeDriver&#10;Capabilities {acceptInsecureCerts: false, browserName: chrome, browserVersion: 107.0.5304.107, chrome: {chromedriverVersion: 107.0.5304.62 (1eec40d3a576..., userDataDir: C:\Users\NB28802\AppData\Lo...}, goog:chromeOptions: {debuggerAddress: localhost:61774}, networkConnectionEnabled: false, pageLoadStrategy: normal, platformName: WINDOWS, proxy: Proxy(), se:cdp: ws://localhost:61774/devtoo..., se:cdpVersion: 107.0.5304.107, setWindowRect: true, strictFileInteractability: false, timeouts: {implicit: 0, pageLoad: 300000, script: 30000}, unhandledPromptBehavior: dismiss and notify, webauthn:extension:credBlob: true, webauthn:extension:largeBlob: true, webauthn:virtualAuthenticators: true}&#10;Session ID: 1a8b61f99bee3c195565888dcecbf4dd" type="org.openqa.selenium.TimeoutException"><![CDATA[When user clicks on second slider...........................................failed
Then user should be redirected to second slider page........................skipped

StackTrace:
org.openqa.selenium.TimeoutException: Expected condition failed: waiting for invisibility of [[ChromeDriver: chrome on WINDOWS (1a8b61f99bee3c195565888dcecbf4dd)] -> xpath: /html/body/div[6]/div[3]/div/div/div/div/div[1]/div[1]/img] (tried for 3 second(s) with 500 milliseconds interval)
Build info: version: '4.6.0', revision: '79f1c02ae20'
System info: os.name: 'Windows 11', os.arch: 'amd64', os.version: '10.0', java.version: '18.0.2'
Driver info: org.openqa.selenium.chrome.ChromeDriver
Capabilities {acceptInsecureCerts: false, browserName: chrome, browserVersion: 107.0.5304.107, chrome: {chromedriverVersion: 107.0.5304.62 (1eec40d3a576..., userDataDir: C:\Users\NB28802\AppData\Lo...}, goog:chromeOptions: {debuggerAddress: localhost:61774}, networkConnectionEnabled: false, pageLoadStrategy: normal, platformName: WINDOWS, proxy: Proxy(), se:cdp: ws://localhost:61774/devtoo..., se:cdpVersion: 107.0.5304.107, setWindowRect: true, strictFileInteractability: false, timeouts: {implicit: 0, pageLoad: 300000, script: 30000}, unhandledPromptBehavior: dismiss and notify, webauthn:extension:credBlob: true, webauthn:extension:largeBlob: true, webauthn:virtualAuthenticators: true}
Session ID: 1a8b61f99bee3c195565888dcecbf4dd
	at org.openqa.selenium.support.ui.WebDriverWait.timeoutException(WebDriverWait.java:87)
	at org.openqa.selenium.support.ui.FluentWait.until(FluentWait.java:231)
	at org.example.pages.P03_homePage.homepageClickSecondSlider(P03_homePage.java:57)
	at org.example.stepDefs.D06_homeSlidersStepDef.userClicksOnSecondSlider(D06_homeSlidersStepDef.java:29)
	at ✽.user clicks on second slider(file:///C:/Users/NB28802/Desktop/EGFWD/Ecommerce%20App/udacityProject2/src/main/resources/features/F06_homeSliders.feature:8)
]]></failure>
    </testcase>
    <testcase classname="F07_followUs | User can access follow links" name="user opens facebook link" time="5.809">
        <failure message="unknown error: cannot determine loading status&#10;from no such window&#10;  (Session info: chrome=107.0.5304.107)&#10;Build info: version: '4.6.0', revision: '79f1c02ae20'&#10;System info: os.name: 'Windows 11', os.arch: 'amd64', os.version: '10.0', java.version: '18.0.2'&#10;Driver info: org.openqa.selenium.chrome.ChromeDriver&#10;Command: [d5bfa6e7b30ae92698bc82b97f29e502, getCurrentUrl {}]&#10;Capabilities {acceptInsecureCerts: false, browserName: chrome, browserVersion: 107.0.5304.107, chrome: {chromedriverVersion: 107.0.5304.62 (1eec40d3a576..., userDataDir: C:\Users\NB28802\AppData\Lo...}, goog:chromeOptions: {debuggerAddress: localhost:61797}, networkConnectionEnabled: false, pageLoadStrategy: normal, platformName: WINDOWS, proxy: Proxy(), se:cdp: ws://localhost:61797/devtoo..., se:cdpVersion: 107.0.5304.107, setWindowRect: true, strictFileInteractability: false, timeouts: {implicit: 0, pageLoad: 300000, script: 30000}, unhandledPromptBehavior: dismiss and notify, webauthn:extension:credBlob: true, webauthn:extension:largeBlob: true, webauthn:virtualAuthenticators: true}&#10;Session ID: d5bfa6e7b30ae92698bc82b97f29e502" type="org.openqa.selenium.WebDriverException"><![CDATA[When user clicks on facebook link...........................................passed
Then user is redirected to facebook page....................................failed

StackTrace:
org.openqa.selenium.WebDriverException: unknown error: cannot determine loading status
from no such window
  (Session info: chrome=107.0.5304.107)
Build info: version: '4.6.0', revision: '79f1c02ae20'
System info: os.name: 'Windows 11', os.arch: 'amd64', os.version: '10.0', java.version: '18.0.2'
Driver info: org.openqa.selenium.chrome.ChromeDriver
Command: [d5bfa6e7b30ae92698bc82b97f29e502, getCurrentUrl {}]
Capabilities {acceptInsecureCerts: false, browserName: chrome, browserVersion: 107.0.5304.107, chrome: {chromedriverVersion: 107.0.5304.62 (1eec40d3a576..., userDataDir: C:\Users\NB28802\AppData\Lo...}, goog:chromeOptions: {debuggerAddress: localhost:61797}, networkConnectionEnabled: false, pageLoadStrategy: normal, platformName: WINDOWS, proxy: Proxy(), se:cdp: ws://localhost:61797/devtoo..., se:cdpVersion: 107.0.5304.107, setWindowRect: true, strictFileInteractability: false, timeouts: {implicit: 0, pageLoad: 300000, script: 30000}, unhandledPromptBehavior: dismiss and notify, webauthn:extension:credBlob: true, webauthn:extension:largeBlob: true, webauthn:virtualAuthenticators: true}
Session ID: d5bfa6e7b30ae92698bc82b97f29e502
	at java.base/jdk.internal.reflect.DirectConstructorHandleAccessor.newInstance(DirectConstructorHandleAccessor.java:67)
	at java.base/java.lang.reflect.Constructor.newInstanceWithCaller(Constructor.java:499)
	at java.base/java.lang.reflect.Constructor.newInstance(Constructor.java:483)
	at org.openqa.selenium.remote.codec.w3c.W3CHttpResponseCodec.createException(W3CHttpResponseCodec.java:200)
	at org.openqa.selenium.remote.codec.w3c.W3CHttpResponseCodec.decode(W3CHttpResponseCodec.java:133)
	at org.openqa.selenium.remote.codec.w3c.W3CHttpResponseCodec.decode(W3CHttpResponseCodec.java:53)
	at org.openqa.selenium.remote.HttpCommandExecutor.execute(HttpCommandExecutor.java:184)
	at org.openqa.selenium.remote.service.DriverCommandExecutor.invokeExecute(DriverCommandExecutor.java:167)
	at org.openqa.selenium.remote.service.DriverCommandExecutor.execute(DriverCommandExecutor.java:142)
	at org.openqa.selenium.remote.RemoteWebDriver.execute(RemoteWebDriver.java:541)
	at org.openqa.selenium.remote.RemoteWebDriver.execute(RemoteWebDriver.java:596)
	at org.openqa.selenium.remote.RemoteWebDriver.execute(RemoteWebDriver.java:600)
	at org.openqa.selenium.remote.RemoteWebDriver.getCurrentUrl(RemoteWebDriver.java:322)
	at org.example.pages.P03_homePage.homepageURL(P03_homePage.java:61)
	at org.example.stepDefs.D07_followUsStepDef.userIsRedirectedToFacebookPage(D07_followUsStepDef.java:22)
	at ✽.user is redirected to facebook page(file:///C:/Users/NB28802/Desktop/EGFWD/Ecommerce%20App/udacityProject2/src/main/resources/features/F07_followUs.feature:5)
]]></failure>
    </testcase>
    <testcase classname="F07_followUs | User can access follow links" name="user opens twitter link" time="7.81">
        <system-out><![CDATA[When user clicks on twitter link............................................passed
Then user is redirected to twitter page.....................................passed
]]></system-out>
    </testcase>
    <testcase classname="F07_followUs | User can access follow links" name="user opens rss link" time="6.453">
        <failure message="expected [https://demo.nopcommerce.com/new-online-store-is-open] but found [https://demo.nopcommerce.com/news/rss/1]" type="java.lang.AssertionError"><![CDATA[When user clicks on rss link................................................passed
Then user is redirected to rss page.........................................failed

StackTrace:
java.lang.AssertionError: expected [https://demo.nopcommerce.com/new-online-store-is-open] but found [https://demo.nopcommerce.com/news/rss/1]
	at org.testng.Assert.fail(Assert.java:110)
	at org.testng.Assert.failNotEquals(Assert.java:1413)
	at org.testng.Assert.assertEqualsImpl(Assert.java:149)
	at org.testng.Assert.assertEquals(Assert.java:131)
	at org.testng.Assert.assertEquals(Assert.java:655)
	at org.testng.Assert.assertEquals(Assert.java:665)
	at org.example.stepDefs.D07_followUsStepDef.userIsRedirectedToRssPage(D07_followUsStepDef.java:47)
	at ✽.user is redirected to rss page(file:///C:/Users/NB28802/Desktop/EGFWD/Ecommerce%20App/udacityProject2/src/main/resources/features/F07_followUs.feature:13)
]]></failure>
    </testcase>
    <testcase classname="F07_followUs | User can access follow links" name="user opens youtube link" time="11.643">
        <system-out><![CDATA[When user clicks on youtube link............................................passed
Then user is redirected to youtube page.....................................passed
]]></system-out>
    </testcase>
    <testcase classname="F08_Wishlist | User can add items to wishlist" name="user can click on wishlist button to add item to wishlist" time="5.843">
        <system-out><![CDATA[When user clicks on wishlist button on this product "HTC One M8 Android L 5.0 Lollipop".passed
Then success message will appear............................................passed
]]></system-out>
    </testcase>
    <testcase classname="F08_Wishlist | User can add items to wishlist" name="user can click on wishlist button to add item to wishlist then preview in wishlist tcb" time="11.914">
        <system-out><![CDATA[When user clicks on wishlist button on this product "HTC One M8 Android L 5.0 Lollipop".passed
Then success message will appear............................................passed
When user clicks on wishlist tab............................................passed
]]></system-out>
    </testcase>
</testsuite>
